<?xml version="1.0" encoding="UTF-8"?>
<!-- Generated by org.testng.reporters.JUnitReportReporter -->
<testsuite hostname="U2-DPE-CPB-0003" name="com.dss.test.dss.subscription.SubscriptionTest" tests="1" failures="0" timestamp="29 Jul 2016 10:36:39 GMT" time="165.419" errors="0">
  <testcase name="BuyPrintPlusDigitalSubscriptionWithinAreaZIPWithNonSSOR" time="165.419" classname="com.dss.test.dss.subscription.SubscriptionTest"/>
</testsuite> <!-- com.dss.test.dss.subscription.SubscriptionTest -->
